TN:
SF:src\components\sheet\primitives.jsx
FN:4,RollButton
FN:18,CheckDot
FN:27,(anonymous_2)
FN:34,BoxedValue
FN:43,XpBar
FN:58,SheetSectionLabel
FN:62,(anonymous_6)
FN:69,(anonymous_7)
FN:76,TextBlock
FN:82,(anonymous_9)
FN:89,(anonymous_10)
FN:94,(anonymous_11)
FN:103,(anonymous_12)
FN:119,(anonymous_13)
FN:145,ProficiencyChips
FN:151,(anonymous_15)
FN:164,PassiveSenses
FN:167,(anonymous_17)
FN:178,SheetTabs
FN:182,(anonymous_19)
FN:187,(anonymous_20)
FN:204,(anonymous_21)
FN:224,RollModal
FN:235,(anonymous_23)
FNF:24
FNH:23
FNDA:2,RollButton
FNDA:2,CheckDot
FNDA:1,(anonymous_2)
FNDA:1,BoxedValue
FNDA:5,XpBar
FNDA:1,SheetSectionLabel
FNDA:29,(anonymous_6)
FNDA:6,(anonymous_7)
FNDA:29,TextBlock
FNDA:2,(anonymous_9)
FNDA:1,(anonymous_10)
FNDA:1,(anonymous_11)
FNDA:3,(anonymous_12)
FNDA:19,(anonymous_13)
FNDA:2,ProficiencyChips
FNDA:2,(anonymous_15)
FNDA:1,PassiveSenses
FNDA:1,(anonymous_17)
FNDA:1,SheetTabs
FNDA:2,(anonymous_19)
FNDA:1,(anonymous_20)
FNDA:0,(anonymous_21)
FNDA:5,RollModal
FNDA:1,(anonymous_23)
DA:5,2
DA:19,2
DA:27,1
DA:35,1
DA:44,5
DA:45,5
DA:59,1
DA:62,1
DA:63,29
DA:69,1
DA:70,6
DA:77,29
DA:78,29
DA:79,29
DA:80,29
DA:82,29
DA:83,2
DA:84,2
DA:85,2
DA:86,2
DA:89,29
DA:90,1
DA:91,1
DA:94,29
DA:95,1
DA:96,1
DA:97,1
DA:100,29
DA:103,3
DA:119,19
DA:146,2
DA:147,1
DA:149,1
DA:152,2
DA:153,2
DA:165,1
DA:168,1
DA:179,1
DA:183,2
DA:187,1
DA:204,0
DA:225,5
DA:226,5
DA:227,5
DA:228,5
DA:235,1
LF:46
LH:45
BRDA:4,0,0,2
BRDA:4,1,0,2
BRDA:8,2,0,0
BRDA:8,2,1,2
BRDA:18,3,0,2
BRDA:20,4,0,0
BRDA:20,4,1,2
BRDA:34,5,0,1
BRDA:38,6,0,1
BRDA:38,6,1,1
BRDA:43,7,0,5
BRDA:43,8,0,5
BRDA:43,9,0,5
BRDA:43,10,0,5
BRDA:44,11,0,5
BRDA:44,11,1,4
BRDA:44,12,0,3
BRDA:44,12,1,1
BRDA:62,13,0,29
BRDA:76,14,0,29
BRDA:76,15,0,29
BRDA:105,16,0,26
BRDA:105,16,1,3
BRDA:107,17,0,29
BRDA:107,17,1,27
BRDA:107,17,2,27
BRDA:107,17,3,6
BRDA:113,18,0,29
BRDA:113,18,1,26
BRDA:115,19,0,21
BRDA:115,19,1,5
BRDA:134,20,0,5
BRDA:134,20,1,1
BRDA:135,21,0,5
BRDA:135,21,1,1
BRDA:140,22,0,29
BRDA:140,22,1,0
BRDA:140,22,2,0
BRDA:145,23,0,2
BRDA:145,24,0,2
BRDA:145,25,0,2
BRDA:146,26,0,1
BRDA:146,26,1,1
BRDA:154,27,0,1
BRDA:154,27,1,1
BRDA:164,28,0,1
BRDA:178,29,0,1
BRDA:186,30,0,1
BRDA:186,30,1,1
BRDA:193,31,0,1
BRDA:193,31,1,0
BRDA:209,32,0,0
BRDA:209,32,1,0
BRDA:214,33,0,0
BRDA:214,33,1,0
BRDA:224,34,0,5
BRDA:225,35,0,5
BRDA:225,35,1,0
BRDA:241,36,0,1
BRDA:241,36,1,4
BRDA:243,37,0,1
BRDA:243,37,1,3
BRDA:252,38,0,5
BRDA:252,38,1,0
BRDA:259,39,0,5
BRDA:259,39,1,1
BRDA:260,40,0,5
BRDA:260,40,1,1
BRF:68
BRH:57
end_of_record
TN:
SF:src\components\ui\ThemeSwitcher.jsx
FN:4,ThemeSwitcher
FN:9,(anonymous_1)
FN:10,(anonymous_2)
FN:14,(anonymous_3)
FN:17,(anonymous_4)
FN:23,(anonymous_5)
FN:29,(anonymous_6)
FN:29,(anonymous_7)
FN:49,(anonymous_8)
FN:55,(anonymous_9)
FNF:10
FNH:0
FNDA:0,ThemeSwitcher
FNDA:0,(anonymous_1)
FNDA:0,(anonymous_2)
FNDA:0,(anonymous_3)
FNDA:0,(anonymous_4)
FNDA:0,(anonymous_5)
FNDA:0,(anonymous_6)
FNDA:0,(anonymous_7)
FNDA:0,(anonymous_8)
FNDA:0,(anonymous_9)
DA:5,0
DA:6,0
DA:7,0
DA:9,0
DA:10,0
DA:11,0
DA:13,0
DA:14,0
DA:17,0
DA:18,0
DA:19,0
DA:20,0
DA:23,0
DA:25,0
DA:29,0
DA:50,0
DA:51,0
DA:55,0
LF:18
LH:0
BRDA:4,0,0,0
BRDA:11,1,0,0
BRDA:11,1,1,0
BRDA:11,2,0,0
BRDA:11,2,1,0
BRDA:23,3,0,0
BRDA:23,3,1,0
BRDA:40,4,0,0
BRDA:40,4,1,0
BRDA:43,5,0,0
BRDA:43,5,1,0
BRDA:57,6,0,0
BRDA:57,6,1,0
BRDA:75,7,0,0
BRDA:75,7,1,0
BRF:15
BRH:0
end_of_record
TN:
SF:src\components\ui\index.js
FNF:0
FNH:0
LF:0
LH:0
BRF:0
BRH:0
end_of_record
TN:
SF:src\components\ui\primitives.jsx
FN:5,Spinner
FN:14,ErrorBox
FN:32,EmptyState
FN:36,Field
FN:45,Input
FN:54,TextArea
FN:63,Select
FN:68,(anonymous_7)
FN:70,(anonymous_8)
FN:82,(anonymous_9)
FN:85,(anonymous_10)
FN:87,(anonymous_11)
FN:91,(anonymous_12)
FN:94,(anonymous_13)
FN:99,(anonymous_14)
FN:104,(anonymous_15)
FN:118,(anonymous_16)
FN:149,(anonymous_17)
FN:149,(anonymous_18)
FN:176,(anonymous_19)
FN:186,(anonymous_20)
FN:187,(anonymous_21)
FN:205,Button
FN:224,Badge
FN:238,PageHeader
FN:257,Card
FN:265,Chip
FN:273,PillToggle
FN:276,(anonymous_28)
FN:282,(anonymous_29)
FN:295,Modal
FN:323,(anonymous_31)
FN:364,ConfirmDialog
FN:380,(anonymous_33)
FN:395,StatTable
FN:400,(anonymous_35)
FN:413,FactList
FN:417,FactRow
FN:426,humanize
FN:432,(anonymous_39)
FNF:40
FNH:33
FNDA:0,Spinner
FNDA:4,ErrorBox
FNDA:2,EmptyState
FNDA:216,Field
FNDA:164,Input
FNDA:96,TextArea
FNDA:40,Select
FNDA:20,(anonymous_7)
FNDA:266,(anonymous_8)
FNDA:51,(anonymous_9)
FNDA:35,(anonymous_10)
FNDA:4,(anonymous_11)
FNDA:8,(anonymous_12)
FNDA:40,(anonymous_13)
FNDA:5,(anonymous_14)
FNDA:4,(anonymous_15)
FNDA:7,(anonymous_16)
FNDA:6,(anonymous_17)
FNDA:6,(anonymous_18)
FNDA:68,(anonymous_19)
FNDA:3,(anonymous_20)
FNDA:3,(anonymous_21)
FNDA:62,Button
FNDA:4,Badge
FNDA:0,PageHeader
FNDA:0,Card
FNDA:0,Chip
FNDA:1,PillToggle
FNDA:2,(anonymous_28)
FNDA:1,(anonymous_29)
FNDA:8,Modal
FNDA:4,(anonymous_31)
FNDA:4,ConfirmDialog
FNDA:0,(anonymous_33)
FNDA:2,StatTable
FNDA:2,(anonymous_35)
FNDA:0,FactList
FNDA:0,FactRow
FNDA:7,humanize
FNDA:4,(anonymous_39)
DA:6,0
DA:15,4
DA:33,2
DA:37,216
DA:46,164
DA:55,96
DA:64,40
DA:65,40
DA:66,40
DA:68,40
DA:69,20
DA:70,20
DA:71,266
DA:72,266
DA:73,260
DA:75,6
DA:78,20
DA:79,20
DA:82,51
DA:83,40
DA:85,40
DA:86,35
DA:87,8
DA:88,4
DA:90,8
DA:91,8
DA:94,40
DA:95,40
DA:96,13
DA:99,40
DA:100,5
DA:101,5
DA:104,40
DA:105,4
DA:106,2
DA:107,2
DA:108,2
DA:110,2
DA:111,2
DA:112,3
DA:113,3
DA:115,2
DA:118,40
DA:119,7
DA:120,1
DA:121,1
DA:122,6
DA:123,4
DA:124,4
DA:125,2
DA:126,0
DA:127,0
DA:128,2
DA:129,0
DA:130,0
DA:131,2
DA:132,0
DA:133,0
DA:134,2
DA:135,2
DA:136,2
DA:137,0
DA:138,0
DA:139,0
DA:144,40
DA:149,6
DA:177,68
DA:178,68
DA:186,3
DA:187,3
DA:206,62
DA:211,62
DA:216,62
DA:225,4
DA:231,4
DA:239,0
DA:258,0
DA:266,0
DA:274,1
DA:277,2
DA:278,2
DA:282,1
DA:307,8
DA:308,8
DA:310,8
DA:313,8
DA:316,8
DA:321,8
DA:323,4
DA:375,4
DA:396,2
DA:397,1
DA:401,2
DA:414,0
DA:418,0
DA:427,7
DA:428,4
DA:429,2
DA:432,4
LF:99
LH:84
BRDA:5,0,0,0
BRDA:18,1,0,4
BRDA:18,1,1,2
BRDA:19,2,0,4
BRDA:19,2,1,2
BRDA:63,3,0,40
BRDA:71,4,0,0
BRDA:71,4,1,266
BRDA:72,5,0,260
BRDA:72,5,1,6
BRDA:86,6,0,27
BRDA:86,6,1,8
BRDA:88,7,0,1
BRDA:88,7,1,3
BRDA:88,8,0,4
BRDA:88,8,1,4
BRDA:95,9,0,27
BRDA:95,9,1,13
BRDA:105,10,0,2
BRDA:105,10,1,2
BRDA:107,11,0,2
BRDA:107,11,1,0
BRDA:113,12,0,2
BRDA:113,12,1,1
BRDA:119,13,0,1
BRDA:119,13,1,6
BRDA:122,14,0,4
BRDA:122,14,1,2
BRDA:125,15,0,0
BRDA:125,15,1,2
BRDA:128,16,0,0
BRDA:128,16,1,2
BRDA:131,17,0,0
BRDA:131,17,1,2
BRDA:134,18,0,2
BRDA:134,18,1,0
BRDA:134,19,0,2
BRDA:134,19,1,0
BRDA:136,20,0,2
BRDA:136,20,1,0
BRDA:136,21,0,2
BRDA:136,21,1,2
BRDA:136,21,2,2
BRDA:137,22,0,0
BRDA:137,22,1,0
BRDA:139,23,0,0
BRDA:139,23,1,0
BRDA:156,24,0,37
BRDA:156,24,1,3
BRDA:157,25,0,37
BRDA:157,25,1,3
BRDA:157,26,0,3
BRDA:157,26,1,2
BRDA:164,27,0,13
BRDA:164,27,1,27
BRDA:170,28,0,40
BRDA:170,28,1,13
BRDA:175,29,0,13
BRDA:175,29,1,1
BRDA:189,30,0,17
BRDA:189,30,1,51
BRDA:189,31,0,68
BRDA:189,31,1,56
BRDA:195,32,0,68
BRDA:195,32,1,12
BRDA:205,33,0,62
BRDA:205,34,0,62
BRDA:205,35,0,62
BRDA:224,36,0,4
BRDA:238,37,0,0
BRDA:242,38,0,0
BRDA:242,38,1,0
BRDA:245,39,0,0
BRDA:245,39,1,0
BRDA:247,40,0,0
BRDA:247,40,1,0
BRDA:248,41,0,0
BRDA:248,41,1,0
BRDA:252,42,0,0
BRDA:252,42,1,0
BRDA:257,43,0,0
BRDA:265,44,0,0
BRDA:273,45,0,1
BRDA:284,46,0,1
BRDA:284,46,1,1
BRDA:301,47,0,8
BRDA:302,48,0,8
BRDA:303,49,0,8
BRDA:304,50,0,8
BRDA:305,51,0,8
BRDA:308,52,0,8
BRDA:308,52,1,1
BRDA:310,53,0,0
BRDA:310,53,1,8
BRDA:314,54,0,4
BRDA:314,54,1,4
BRDA:316,55,0,0
BRDA:316,55,1,8
BRDA:318,56,0,0
BRDA:318,56,1,8
BRDA:324,57,0,8
BRDA:324,57,1,3
BRDA:324,57,2,7
BRDA:327,58,0,0
BRDA:327,58,1,7
BRDA:333,59,0,7
BRDA:333,59,1,5
BRDA:334,60,0,7
BRDA:334,60,1,1
BRDA:336,61,0,7
BRDA:336,61,1,6
BRDA:347,62,0,0
BRDA:347,62,1,8
BRDA:348,63,0,8
BRDA:348,63,1,0
BRDA:351,64,0,0
BRDA:351,64,1,0
BRDA:368,65,0,4
BRDA:369,66,0,4
BRDA:370,67,0,4
BRDA:371,68,0,4
BRDA:376,69,0,1
BRDA:376,69,1,3
BRDA:378,70,0,4
BRDA:378,70,1,1
BRDA:388,71,0,1
BRDA:388,71,1,3
BRDA:396,72,0,1
BRDA:396,72,1,1
BRDA:396,73,0,2
BRDA:396,73,1,2
BRDA:427,74,0,3
BRDA:427,74,1,4
BRDA:427,75,0,7
BRDA:427,75,1,6
BRDA:427,75,2,5
BRDA:428,76,0,2
BRDA:428,76,1,2
BRDA:428,77,0,1
BRDA:428,77,1,1
BRF:140
BRH:106
end_of_record
TN:
SF:src\features\auth\ProtectedRoute.jsx
FN:4,ProtectedRoute
FN:14,GMRoute
FNF:2
FNH:2
FNDA:2,ProtectedRoute
FNDA:3,GMRoute
DA:5,2
DA:6,2
DA:8,2
DA:9,1
DA:11,1
DA:15,3
DA:16,3
DA:18,3
DA:19,1
DA:21,2
DA:22,1
DA:24,1
LF:12
LH:12
BRDA:8,0,0,1
BRDA:8,0,1,1
BRDA:18,1,0,1
BRDA:18,1,1,2
BRDA:21,2,0,1
BRDA:21,2,1,1
BRF:6
BRH:6
end_of_record
TN:
SF:src\features\characters\components\wizard\AsiChoiceModal.jsx
FN:6,AsiChoiceModal
FN:13,(anonymous_1)
FN:15,(anonymous_2)
FN:24,(anonymous_3)
FN:25,(anonymous_4)
FN:30,(anonymous_5)
FN:33,(anonymous_6)
FN:34,(anonymous_7)
FN:63,(anonymous_8)
FN:72,(anonymous_9)
FN:84,(anonymous_10)
FN:97,(anonymous_11)
FN:106,(anonymous_12)
FN:129,(anonymous_13)
FN:137,(anonymous_14)
FN:160,(anonymous_15)
FN:184,(anonymous_16)
FN:190,(anonymous_17)
FNF:18
FNH:17
FNDA:26,AsiChoiceModal
FNDA:11,(anonymous_1)
FNDA:8,(anonymous_2)
FNDA:90,(anonymous_3)
FNDA:24,(anonymous_4)
FNDA:4,(anonymous_5)
FNDA:4,(anonymous_6)
FNDA:3,(anonymous_7)
FNDA:0,(anonymous_8)
FNDA:4,(anonymous_9)
FNDA:108,(anonymous_10)
FNDA:1,(anonymous_11)
FNDA:7,(anonymous_12)
FNDA:24,(anonymous_13)
FNDA:2,(anonymous_14)
FNDA:12,(anonymous_15)
FNDA:4,(anonymous_16)
FNDA:1,(anonymous_17)
DA:7,26
DA:8,26
DA:9,26
DA:10,26
DA:12,26
DA:13,26
DA:15,26
DA:16,8
DA:17,8
DA:18,8
DA:19,8
DA:20,8
DA:21,8
DA:24,90
DA:25,26
DA:26,24
DA:27,12
DA:30,26
DA:31,4
DA:32,2
DA:33,4
DA:34,3
DA:35,2
DA:37,2
DA:38,2
DA:39,2
DA:47,26
DA:49,26
DA:63,0
DA:72,4
DA:85,108
DA:86,108
DA:87,108
DA:97,1
DA:106,7
DA:130,24
DA:131,24
DA:132,24
DA:138,2
DA:139,2
DA:161,12
DA:185,4
DA:190,1
LF:43
LH:42
BRDA:16,0,0,8
BRDA:16,0,1,6
BRDA:18,1,0,0
BRDA:18,1,1,8
BRDA:18,2,0,8
BRDA:18,2,1,8
BRDA:19,3,0,0
BRDA:19,3,1,8
BRDA:19,4,0,8
BRDA:19,4,1,7
BRDA:19,5,0,7
BRDA:19,5,1,0
BRDA:20,6,0,0
BRDA:20,6,1,8
BRDA:20,7,0,8
BRDA:20,7,1,7
BRDA:26,8,0,12
BRDA:26,8,1,12
BRDA:26,9,0,24
BRDA:26,9,1,12
BRDA:27,10,0,12
BRDA:27,10,1,0
BRDA:31,11,0,2
BRDA:31,11,1,2
BRDA:38,12,0,0
BRDA:38,12,1,2
BRDA:42,13,0,1
BRDA:42,13,1,1
BRDA:47,14,0,18
BRDA:47,14,1,8
BRDA:47,15,0,18
BRDA:47,15,1,8
BRDA:65,16,0,18
BRDA:65,16,1,8
BRDA:74,17,0,8
BRDA:74,17,1,18
BRDA:81,18,0,26
BRDA:81,18,1,18
BRDA:85,19,0,108
BRDA:85,19,1,98
BRDA:86,20,0,108
BRDA:86,20,1,0
BRDA:92,21,0,108
BRDA:92,21,1,0
BRDA:105,22,0,108
BRDA:105,22,1,107
BRDA:105,22,2,90
BRDA:122,23,0,26
BRDA:122,23,1,8
BRDA:124,24,0,8
BRDA:124,24,1,1
BRDA:125,25,0,8
BRDA:125,25,1,7
BRDA:125,25,2,1
BRDA:142,26,0,3
BRDA:142,26,1,21
BRDA:144,27,0,15
BRDA:144,27,1,6
BRDA:151,28,0,24
BRDA:151,28,1,6
BRDA:157,29,0,24
BRDA:157,29,1,0
BRDA:158,30,0,24
BRDA:158,30,1,6
BRDA:158,31,0,24
BRDA:158,31,1,0
BRDA:160,32,0,6
BRDA:160,32,1,0
BRDA:164,33,0,1
BRDA:164,33,1,11
BRDA:164,34,0,12
BRDA:164,34,1,1
BRDA:178,35,0,8
BRDA:178,35,1,3
BRDA:178,35,2,2
BRDA:184,36,0,2
BRDA:184,36,1,0
BRF:77
BRH:65
end_of_record
TN:
SF:src\features\characters\components\wizard\CreateProgress.jsx
FN:1,CreateProgress
FNF:1
FNH:1
FNDA:5,CreateProgress
DA:2,5
DA:4,5
LF:2
LH:2
BRDA:2,0,0,4
BRDA:2,0,1,1
BRF:2
BRH:2
end_of_record
TN:
SF:src\features\characters\components\wizard\OptionCard.jsx
FN:1,OptionCard
FNF:1
FNH:1
FNDA:197,OptionCard
DA:2,197
LF:1
LH:1
BRDA:1,0,0,197
BRDA:8,1,0,67
BRDA:8,1,1,130
BRDA:11,2,0,1
BRDA:11,2,1,196
BRDA:15,3,0,67
BRDA:15,3,1,130
BRDA:22,4,0,197
BRDA:22,4,1,197
BRDA:23,5,0,197
BRDA:23,5,1,151
BRF:11
BRH:11
end_of_record
TN:
SF:src\features\characters\components\wizard\StepAbilities.jsx
FN:25,(anonymous_0)
FN:25,(anonymous_1)
FN:26,(anonymous_2)
FN:26,(anonymous_3)
FN:27,(anonymous_4)
FN:29,StepAbilities
FN:34,(anonymous_6)
FN:46,(anonymous_7)
FN:53,(anonymous_8)
FN:57,(anonymous_9)
FN:61,(anonymous_10)
FN:62,(anonymous_11)
FN:65,(anonymous_12)
FN:67,(anonymous_13)
FN:74,(anonymous_14)
FN:78,(anonymous_15)
FN:87,(anonymous_16)
FN:96,(anonymous_17)
FN:99,(anonymous_18)
FN:114,(anonymous_19)
FN:123,(anonymous_20)
FN:135,(anonymous_21)
FN:141,(anonymous_22)
FN:154,(anonymous_23)
FN:158,(anonymous_24)
FN:185,(anonymous_25)
FNF:26
FNH:25
FNDA:1,(anonymous_0)
FNDA:6,(anonymous_1)
FNDA:1,(anonymous_2)
FNDA:6,(anonymous_3)
FNDA:7,(anonymous_4)
FNDA:14,StepAbilities
FNDA:3,(anonymous_6)
FNDA:6,(anonymous_7)
FNDA:2,(anonymous_8)
FNDA:5,(anonymous_9)
FNDA:114,(anonymous_10)
FNDA:84,(anonymous_11)
FNDA:84,(anonymous_12)
FNDA:1,(anonymous_13)
FNDA:6,(anonymous_14)
FNDA:84,(anonymous_15)
FNDA:5,(anonymous_16)
FNDA:0,(anonymous_17)
FNDA:72,(anonymous_18)
FNDA:1,(anonymous_19)
FNDA:1,(anonymous_20)
FNDA:6,(anonymous_21)
FNDA:4,(anonymous_22)
FNDA:70,(anonymous_23)
FNDA:3,(anonymous_24)
FNDA:84,(anonymous_25)
DA:17,1
DA:25,6
DA:26,6
DA:27,7
DA:30,14
DA:31,14
DA:32,14
DA:34,14
DA:35,3
DA:36,3
DA:37,1
DA:38,1
DA:39,2
DA:40,1
DA:41,1
DA:42,1
DA:43,1
DA:44,6
DA:45,1
DA:46,6
DA:48,0
DA:50,3
DA:53,14
DA:54,2
DA:57,14
DA:58,5
DA:61,114
DA:62,84
DA:63,14
DA:65,84
DA:67,14
DA:68,1
DA:69,1
DA:70,1
DA:71,6
DA:72,1
DA:74,6
DA:78,14
DA:79,84
DA:80,84
DA:81,42
DA:87,5
DA:92,42
DA:93,12
DA:96,0
DA:100,72
DA:107,30
DA:108,30
DA:109,30
DA:114,1
DA:123,1
DA:132,0
DA:135,14
DA:136,6
DA:137,6
DA:138,1
DA:139,1
DA:142,4
DA:151,14
DA:155,70
DA:158,3
DA:186,84
DA:187,84
DA:188,84
LF:64
LH:61
BRDA:27,0,0,7
BRDA:27,0,1,2
BRDA:32,1,0,14
BRDA:32,1,1,0
BRDA:36,2,0,1
BRDA:36,2,1,2
BRDA:39,3,0,1
BRDA:39,3,1,1
BRDA:42,4,0,1
BRDA:42,4,1,0
BRDA:42,5,0,1
BRDA:42,5,1,0
BRDA:44,6,0,6
BRDA:44,6,1,0
BRDA:61,7,0,114
BRDA:61,7,1,1
BRDA:69,8,0,0
BRDA:69,8,1,1
BRDA:69,9,0,1
BRDA:69,9,1,0
BRDA:71,10,0,6
BRDA:71,10,1,0
BRDA:80,11,0,42
BRDA:80,11,1,42
BRDA:80,12,0,84
BRDA:80,12,1,48
BRDA:80,12,2,42
BRDA:92,13,0,12
BRDA:92,13,1,30
BRDA:100,14,0,72
BRDA:100,14,1,72
BRDA:107,15,0,30
BRDA:107,15,1,0
BRDA:122,16,0,30
BRDA:122,16,1,26
BRDA:128,17,0,5
BRDA:128,17,1,25
BRDA:137,18,0,5
BRDA:137,18,1,1
BRDA:142,19,0,1
BRDA:142,19,1,3
BRDA:165,20,0,14
BRDA:165,20,1,13
BRDA:165,20,2,1
BRDA:186,21,0,84
BRDA:186,21,1,84
BRDA:195,22,0,84
BRDA:195,22,1,78
BRDA:195,22,2,6
BRDA:200,23,0,0
BRDA:200,23,1,84
BRDA:203,24,0,0
BRDA:203,24,1,84
BRDA:211,25,0,14
BRDA:211,25,1,5
BRDA:213,26,0,5
BRDA:213,26,1,0
BRDA:219,27,0,14
BRDA:219,27,1,6
BRF:59
BRH:48
end_of_record
TN:
SF:src\features\characters\components\wizard\StepClass.jsx
FN:5,(anonymous_0)
FN:7,StepClass
FN:11,(anonymous_2)
FN:15,(anonymous_3)
FN:20,(anonymous_4)
FN:32,(anonymous_5)
FN:37,(anonymous_6)
FN:38,(anonymous_7)
FN:44,(anonymous_8)
FN:50,(anonymous_9)
FN:54,(anonymous_10)
FN:66,(anonymous_11)
FN:71,(anonymous_12)
FN:82,(anonymous_13)
FN:92,(anonymous_14)
FN:101,(anonymous_15)
FN:121,(anonymous_16)
FN:125,(anonymous_17)
FN:129,(anonymous_18)
FN:145,(anonymous_19)
FN:167,(anonymous_20)
FN:168,(anonymous_21)
FN:168,(anonymous_22)
FN:176,(anonymous_23)
FN:191,(anonymous_24)
FN:197,(anonymous_25)
FN:203,(anonymous_26)
FN:211,(anonymous_27)
FN:211,(anonymous_28)
FN:219,(anonymous_29)
FNF:30
FNH:26
FNDA:16,(anonymous_0)
FNDA:12,StepClass
FNDA:12,(anonymous_2)
FNDA:1,(anonymous_3)
FNDA:3,(anonymous_4)
FNDA:3,(anonymous_5)
FNDA:36,(anonymous_6)
FNDA:36,(anonymous_7)
FNDA:17,(anonymous_8)
FNDA:24,(anonymous_9)
FNDA:1,(anonymous_10)
FNDA:24,(anonymous_11)
FNDA:12,(anonymous_12)
FNDA:0,(anonymous_13)
FNDA:17,(anonymous_14)
FNDA:17,(anonymous_15)
FNDA:1,(anonymous_16)
FNDA:12,(anonymous_17)
FNDA:1,(anonymous_18)
FNDA:0,(anonymous_19)
FNDA:1,(anonymous_20)
FNDA:240,(anonymous_21)
FNDA:240,(anonymous_22)
FNDA:0,(anonymous_23)
FNDA:1,(anonymous_24)
FNDA:0,(anonymous_25)
FNDA:2,(anonymous_26)
FNDA:2,(anonymous_27)
FNDA:2,(anonymous_28)
FNDA:3,(anonymous_29)
DA:5,16
DA:8,12
DA:9,12
DA:10,12
DA:11,12
DA:12,12
DA:13,12
DA:15,12
DA:16,1
DA:17,1
DA:20,12
DA:21,3
DA:22,3
DA:23,2
DA:24,2
DA:25,4
DA:27,2
DA:29,3
DA:32,12
DA:33,3
DA:34,3
DA:37,36
DA:38,36
DA:40,12
DA:41,12
DA:42,17
DA:44,17
DA:46,12
DA:51,24
DA:54,1
DA:67,24
DA:72,12
DA:83,0
DA:93,17
DA:102,17
DA:121,1
DA:126,12
DA:129,1
DA:146,0
DA:167,1
DA:168,240
DA:169,240
DA:176,0
DA:191,1
DA:197,0
DA:203,2
DA:211,2
DA:212,2
DA:219,3
LF:49
LH:45
BRDA:5,0,0,16
BRDA:5,0,1,1
BRDA:11,1,0,12
BRDA:11,1,1,0
BRDA:13,2,0,12
BRDA:13,2,1,0
BRDA:22,3,0,2
BRDA:22,3,1,1
BRDA:23,4,0,2
BRDA:23,4,1,0
BRDA:25,5,0,3
BRDA:25,5,1,1
BRDA:25,6,0,4
BRDA:25,6,1,1
BRDA:34,7,0,3
BRDA:34,7,1,0
BRDA:37,8,0,12
BRDA:37,8,1,0
BRDA:37,9,0,36
BRDA:37,9,1,24
BRDA:38,10,0,12
BRDA:38,10,1,0
BRDA:50,11,0,12
BRDA:50,11,1,0
BRDA:56,12,0,24
BRDA:56,12,1,0
BRDA:60,13,0,12
BRDA:60,13,1,12
BRDA:60,13,2,0
BRDA:61,14,0,12
BRDA:61,14,1,12
BRDA:63,15,0,12
BRDA:63,15,1,12
BRDA:65,16,0,12
BRDA:65,16,1,12
BRDA:66,17,0,12
BRDA:66,17,1,0
BRDA:71,18,0,12
BRDA:71,18,1,0
BRDA:76,19,0,12
BRDA:76,19,1,12
BRDA:77,20,0,12
BRDA:77,20,1,0
BRDA:79,21,0,12
BRDA:79,21,1,0
BRDA:79,22,0,12
BRDA:79,22,1,0
BRDA:82,23,0,0
BRDA:82,23,1,0
BRDA:84,24,0,0
BRDA:84,24,1,0
BRDA:89,25,0,12
BRDA:89,25,1,12
BRDA:94,26,0,12
BRDA:94,26,1,5
BRDA:99,27,0,12
BRDA:99,27,1,12
BRDA:101,28,0,12
BRDA:101,28,1,0
BRDA:105,29,0,17
BRDA:105,29,1,5
BRDA:107,30,0,17
BRDA:107,30,1,5
BRDA:116,31,0,12
BRDA:116,31,1,12
BRDA:134,32,0,12
BRDA:134,32,1,2
BRDA:136,33,0,2
BRDA:136,33,1,2
BRDA:137,34,0,2
BRDA:137,34,1,0
BRDA:139,35,0,0
BRDA:139,35,1,0
BRDA:142,36,0,0
BRDA:142,36,1,0
BRDA:143,37,0,0
BRDA:143,37,1,0
BRDA:143,38,0,0
BRDA:143,38,1,0
BRDA:145,39,0,0
BRDA:145,39,1,0
BRDA:149,40,0,0
BRDA:149,40,1,0
BRDA:153,41,0,0
BRDA:153,41,1,0
BRDA:174,42,0,12
BRDA:174,42,1,0
BRDA:183,43,0,5
BRDA:183,43,1,7
BRDA:209,44,0,12
BRDA:209,44,1,1
BRDA:209,44,2,1
BRDA:218,45,0,2
BRDA:218,45,1,2
BRDA:225,46,0,12
BRDA:225,46,1,1
BRF:96
BRH:61
end_of_record
TN:
SF:src\features\characters\components\wizard\StepDetails.jsx
FN:4,StepDetails
FN:5,(anonymous_1)
FN:5,(anonymous_2)
FNF:3
FNH:3
FNDA:24,StepDetails
FNDA:216,(anonymous_1)
FNDA:20,(anonymous_2)
DA:5,216
DA:7,24
LF:2
LH:2
BRDA:15,0,0,24
BRDA:15,0,1,24
BRDA:24,1,0,24
BRDA:24,1,1,24
BRDA:27,2,0,24
BRDA:27,2,1,24
BRDA:36,3,0,24
BRDA:36,3,1,11
BRDA:39,4,0,24
BRDA:39,4,1,24
BRDA:47,5,0,24
BRDA:47,5,1,0
BRDA:50,6,0,24
BRDA:50,6,1,0
BRDA:53,7,0,24
BRDA:53,7,1,0
BRF:16
BRH:13
end_of_record
TN:
SF:src\features\characters\components\wizard\StepOrigin.jsx
FN:6,StepOrigin
FN:8,(anonymous_1)
FN:10,(anonymous_2)
FN:14,(anonymous_3)
FN:16,(anonymous_4)
FN:17,(anonymous_5)
FN:21,(anonymous_6)
FN:34,(anonymous_7)
FN:38,(anonymous_8)
FN:51,(anonymous_9)
FN:61,(anonymous_10)
FN:78,(anonymous_11)
FN:82,(anonymous_12)
FN:86,(anonymous_13)
FN:97,(anonymous_14)
FN:113,(anonymous_15)
FN:117,(anonymous_16)
FN:129,(anonymous_17)
FN:137,(anonymous_18)
FN:146,(anonymous_19)
FNF:20
FNH:15
FNDA:8,StepOrigin
FNDA:8,(anonymous_1)
FNDA:7,(anonymous_2)
FNDA:11,(anonymous_3)
FNDA:3,(anonymous_4)
FNDA:3,(anonymous_5)
FNDA:3,(anonymous_6)
FNDA:16,(anonymous_7)
FNDA:1,(anonymous_8)
FNDA:11,(anonymous_9)
FNDA:8,(anonymous_10)
FNDA:1,(anonymous_11)
FNDA:8,(anonymous_12)
FNDA:0,(anonymous_13)
FNDA:0,(anonymous_14)
FNDA:7,(anonymous_15)
FNDA:1,(anonymous_16)
FNDA:0,(anonymous_17)
FNDA:0,(anonymous_18)
FNDA:0,(anonymous_19)
DA:7,8
DA:8,8
DA:9,8
DA:10,8
DA:12,8
DA:13,8
DA:14,11
DA:16,8
DA:17,3
DA:18,3
DA:19,3
DA:22,3
DA:30,8
DA:35,16
DA:38,1
DA:52,11
DA:62,8
DA:78,1
DA:83,8
DA:86,0
DA:98,0
DA:114,7
DA:117,1
DA:130,0
DA:138,0
DA:147,0
LF:26
LH:21
BRDA:8,0,0,8
BRDA:8,0,1,0
BRDA:9,1,0,8
BRDA:9,1,1,0
BRDA:10,2,0,8
BRDA:10,2,1,0
BRDA:18,3,0,0
BRDA:18,3,1,3
BRDA:34,4,0,8
BRDA:34,4,1,0
BRDA:43,5,0,8
BRDA:43,5,1,8
BRDA:46,6,0,8
BRDA:46,6,1,8
BRDA:47,7,0,8
BRDA:47,7,1,8
BRDA:47,8,0,0
BRDA:47,8,1,8
BRDA:47,9,0,0
BRDA:47,9,1,8
BRDA:47,10,0,8
BRDA:47,10,1,0
BRDA:47,11,0,0
BRDA:47,11,1,0
BRDA:47,12,0,0
BRDA:47,12,1,0
BRDA:49,13,0,8
BRDA:49,13,1,8
BRDA:58,14,0,8
BRDA:58,14,1,8
BRDA:59,15,0,8
BRDA:59,15,1,8
BRDA:59,16,0,8
BRDA:59,16,1,0
BRDA:61,17,0,8
BRDA:61,17,1,0
BRDA:64,18,0,8
BRDA:64,18,1,8
BRDA:73,19,0,8
BRDA:73,19,1,8
BRDA:91,20,0,8
BRDA:91,20,1,3
BRDA:94,21,0,3
BRDA:94,21,1,0
BRDA:95,22,0,3
BRDA:95,22,1,0
BRDA:95,23,0,3
BRDA:95,23,1,0
BRDA:97,24,0,0
BRDA:97,24,1,0
BRDA:100,25,0,0
BRDA:100,25,1,0
BRDA:111,26,0,8
BRDA:111,26,1,1
BRDA:111,27,0,8
BRDA:111,27,1,0
BRDA:113,28,0,8
BRDA:113,28,1,0
BRDA:122,29,0,8
BRDA:122,29,1,0
BRDA:122,29,2,0
BRDA:123,30,0,8
BRDA:123,30,1,8
BRDA:125,31,0,8
BRDA:125,31,1,8
BRDA:126,32,0,8
BRDA:126,32,1,0
BRDA:126,33,0,8
BRDA:126,33,1,0
BRDA:129,34,0,0
BRDA:129,34,1,0
BRDA:134,35,0,8
BRDA:134,35,1,0
BRDA:134,36,0,8
BRDA:134,36,1,8
BRDA:137,37,0,0
BRDA:137,37,1,0
BRDA:139,38,0,0
BRDA:139,38,1,0
BRDA:144,39,0,8
BRDA:144,39,1,0
BRDA:144,40,0,8
BRDA:144,40,1,8
BRDA:146,41,0,0
BRDA:146,41,1,0
BRDA:149,42,0,0
BRDA:149,42,1,0
BRDA:156,43,0,8
BRDA:156,43,1,8
BRDA:156,43,2,0
BRF:90
BRH:50
end_of_record
TN:
SF:src\features\characters\components\wizard\StepReview.jsx
FN:5,(anonymous_0)
FN:12,StepReview
FN:17,(anonymous_2)
FN:23,(anonymous_3)
FN:41,(anonymous_4)
FN:43,(anonymous_5)
FN:43,(anonymous_6)
FN:45,(anonymous_7)
FN:46,(anonymous_8)
FN:47,(anonymous_9)
FN:48,(anonymous_10)
FN:49,(anonymous_11)
FN:50,(anonymous_12)
FN:77,(anonymous_13)
FN:77,(anonymous_14)
FN:95,(anonymous_15)
FN:115,(anonymous_16)
FN:125,(anonymous_17)
FN:136,(anonymous_18)
FNF:19
FNH:18
FNDA:134,(anonymous_0)
FNDA:9,StepReview
FNDA:8,(anonymous_2)
FNDA:8,(anonymous_3)
FNDA:3,(anonymous_4)
FNDA:18,(anonymous_5)
FNDA:16,(anonymous_6)
FNDA:45,(anonymous_7)
FNDA:9,(anonymous_8)
FNDA:9,(anonymous_9)
FNDA:9,(anonymous_10)
FNDA:0,(anonymous_11)
FNDA:9,(anonymous_12)
FNDA:18,(anonymous_13)
FNDA:18,(anonymous_14)
FNDA:54,(anonymous_15)
FNDA:8,(anonymous_16)
FNDA:8,(anonymous_17)
FNDA:18,(anonymous_18)
DA:5,1
DA:6,134
DA:13,9
DA:14,9
DA:15,9
DA:17,9
DA:18,8
DA:23,8
DA:26,9
DA:27,9
DA:28,9
DA:29,9
DA:30,9
DA:32,9
DA:33,9
DA:34,18
DA:35,16
DA:36,4
DA:37,4
DA:38,12
DA:41,9
DA:43,18
DA:45,45
DA:46,9
DA:47,9
DA:48,9
DA:49,9
DA:50,9
DA:53,9
DA:55,9
DA:77,18
DA:78,18
DA:96,54
DA:97,54
DA:116,8
DA:126,8
DA:136,18
LF:37
LH:37
BRDA:15,0,0,9
BRDA:15,0,1,0
BRDA:19,1,0,8
BRDA:19,1,1,0
BRDA:20,2,0,8
BRDA:20,2,1,0
BRDA:21,3,0,8
BRDA:21,3,1,0
BRDA:23,4,0,8
BRDA:23,4,1,0
BRDA:26,5,0,9
BRDA:26,5,1,0
BRDA:27,6,0,9
BRDA:27,6,1,0
BRDA:28,7,0,9
BRDA:28,7,1,0
BRDA:29,8,0,9
BRDA:29,8,1,0
BRDA:34,9,0,2
BRDA:34,9,1,16
BRDA:34,10,0,2
BRDA:34,10,1,0
BRDA:35,11,0,4
BRDA:35,11,1,12
BRDA:37,12,0,2
BRDA:37,12,1,2
BRDA:41,13,0,9
BRDA:41,13,1,2
BRDA:41,13,2,2
BRDA:45,14,0,45
BRDA:45,14,1,45
BRDA:46,15,0,9
BRDA:46,15,1,0
BRDA:47,16,0,9
BRDA:47,16,1,0
BRDA:48,17,0,9
BRDA:48,17,1,0
BRDA:53,18,0,6
BRDA:53,18,1,3
BRDA:53,19,0,2
BRDA:53,19,1,1
BRDA:60,20,0,9
BRDA:60,20,1,1
BRDA:61,21,0,9
BRDA:61,21,1,9
BRDA:61,22,0,9
BRDA:61,22,1,1
BRDA:62,23,0,9
BRDA:62,23,1,1
BRDA:66,24,0,9
BRDA:66,24,1,1
BRDA:67,25,0,9
BRDA:67,25,1,9
BRDA:76,26,0,9
BRDA:76,26,1,9
BRDA:78,27,0,2
BRDA:78,27,1,16
BRDA:80,28,0,9
BRDA:80,28,1,1
BRDA:88,29,0,9
BRDA:88,29,1,8
BRDA:88,29,2,8
BRDA:102,30,0,9
BRDA:102,30,1,45
BRDA:104,31,0,18
BRDA:104,31,1,36
BRDA:112,32,0,9
BRDA:112,32,1,1
BRDA:112,32,2,1
BRDA:113,33,0,9
BRDA:113,33,1,8
BRDA:116,34,0,1
BRDA:116,34,1,7
BRDA:118,35,0,1
BRDA:118,35,1,7
BRDA:123,36,0,9
BRDA:123,36,1,8
BRDA:127,37,0,8
BRDA:127,37,1,0
BRDA:132,38,0,9
BRDA:132,38,1,9
BRDA:132,38,2,8
BRDA:136,39,0,9
BRDA:136,39,1,0
BRDA:136,40,0,9
BRDA:136,40,1,0
BRDA:141,41,0,9
BRDA:141,41,1,0
BRDA:152,42,0,9
BRDA:152,42,1,1
BRF:90
BRH:73
end_of_record
TN:
SF:src\features\characters\components\wizard\StepShell.jsx
FN:1,StepShell
FN:21,Hint
FN:25,Panel
FN:34,Tag
FNF:4
FNH:4
FNDA:80,StepShell
FNDA:61,Hint
FNDA:275,Panel
FNDA:203,Tag
DA:2,80
DA:22,61
DA:26,275
DA:35,203
DA:41,203
LF:5
LH:5
BRDA:10,0,0,80
BRDA:10,0,1,79
BRDA:21,1,0,61
BRDA:25,2,0,275
BRDA:28,3,0,275
BRDA:28,3,1,275
BRDA:34,4,0,203
BRF:7
BRH:7
end_of_record
TN:
SF:src\features\characters\components\wizard\StepSkills.jsx
FN:3,StepSkills
FN:7,(anonymous_1)
FN:15,(anonymous_2)
FN:17,(anonymous_3)
FN:20,(anonymous_4)
FN:22,(anonymous_5)
FN:24,(anonymous_6)
FN:28,(anonymous_7)
FN:31,(anonymous_8)
FN:37,(anonymous_9)
FN:75,(anonymous_10)
FN:82,(anonymous_11)
FN:95,(anonymous_12)
FN:100,(anonymous_13)
FN:119,(anonymous_14)
FN:126,(anonymous_15)
FN:137,(anonymous_16)
FNF:17
FNH:17
FNDA:11,StepSkills
FNDA:30,(anonymous_1)
FNDA:9,(anonymous_2)
FNDA:14,(anonymous_3)
FNDA:3,(anonymous_4)
FNDA:1,(anonymous_5)
FNDA:2,(anonymous_6)
FNDA:2,(anonymous_7)
FNDA:2,(anonymous_8)
FNDA:36,(anonymous_9)
FNDA:27,(anonymous_10)
FNDA:3,(anonymous_11)
FNDA:11,(anonymous_12)
FNDA:11,(anonymous_13)
FNDA:9,(anonymous_14)
FNDA:2,(anonymous_15)
FNDA:10,(anonymous_16)
DA:4,11
DA:5,11
DA:7,30
DA:8,11
DA:9,11
DA:10,11
DA:12,11
DA:13,11
DA:15,11
DA:16,9
DA:17,14
DA:20,11
DA:21,3
DA:22,3
DA:23,3
DA:24,3
DA:25,3
DA:28,11
DA:29,2
DA:30,2
DA:31,2
DA:32,1
DA:33,1
DA:37,11
DA:38,36
DA:60,11
DA:76,27
DA:82,3
DA:96,11
DA:101,11
DA:120,9
DA:126,2
DA:138,10
LF:33
LH:33
BRDA:7,0,0,11
BRDA:7,0,1,1
BRDA:7,1,0,30
BRDA:7,1,1,30
BRDA:8,2,0,11
BRDA:8,2,1,0
BRDA:9,3,0,11
BRDA:9,3,1,0
BRDA:10,4,0,11
BRDA:10,4,1,1
BRDA:12,5,0,11
BRDA:12,5,1,0
BRDA:13,6,0,11
BRDA:13,6,1,0
BRDA:22,7,0,1
BRDA:22,7,1,2
BRDA:24,8,0,2
BRDA:24,8,1,1
BRDA:30,9,0,1
BRDA:30,9,1,1
BRDA:32,10,0,1
BRDA:32,10,1,0
BRDA:43,11,0,15
BRDA:43,11,1,21
BRDA:44,12,0,1
BRDA:44,12,1,35
BRDA:48,13,0,36
BRDA:48,13,1,27
BRDA:52,14,0,15
BRDA:52,14,1,21
BRDA:62,15,0,10
BRDA:62,15,1,1
BRDA:63,16,0,11
BRDA:63,16,1,1
BRDA:64,17,0,11
BRDA:64,17,1,10
BRDA:64,17,2,1
BRDA:67,18,0,11
BRDA:67,18,1,10
BRDA:67,18,2,9
BRDA:70,19,0,3
BRDA:70,19,1,6
BRDA:91,20,0,11
BRDA:91,20,1,0
BRDA:91,20,2,0
BRDA:91,20,3,11
BRDA:109,21,0,11
BRDA:109,21,1,10
BRDA:112,22,0,3
BRDA:112,22,1,7
BRDA:117,23,0,10
BRDA:117,23,1,5
BRDA:123,24,0,9
BRDA:123,24,1,0
BRDA:125,25,0,9
BRDA:125,25,1,3
BRDA:135,26,0,11
BRDA:135,26,1,10
BRDA:135,27,0,11
BRDA:135,27,1,1
BRDA:137,28,0,10
BRDA:137,28,1,0
BRF:62
BRH:53
end_of_record
TN:
SF:src\lib\api\httpClient.js
FN:10,getToken
FN:14,setToken
FN:20,subscribeToken
FN:22,(anonymous_3)
FN:25,decodeToken
FN:43,request
FN:85,(anonymous_6)
FN:96,refreshAccessToken
FN:102,(anonymous_8)
FN:108,(anonymous_9)
FN:112,(anonymous_10)
FNF:11
FNH:10
FNDA:14,getToken
FNDA:10,setToken
FNDA:1,subscribeToken
FNDA:1,(anonymous_3)
FNDA:8,decodeToken
FNDA:10,request
FNDA:2,(anonymous_6)
FNDA:1,refreshAccessToken
FNDA:1,(anonymous_8)
FNDA:0,(anonymous_9)
FNDA:1,(anonymous_10)
DA:3,1
DA:4,1
DA:6,1
DA:8,1
DA:11,14
DA:15,10
DA:16,1
DA:17,10
DA:21,1
DA:22,1
DA:26,8
DA:27,6
DA:28,6
DA:29,6
DA:30,6
DA:31,8
DA:32,3
DA:39,2
DA:44,10
DA:45,10
DA:46,1
DA:47,5
DA:51,10
DA:52,10
DA:53,10
DA:54,10
DA:56,10
DA:63,10
DA:64,1
DA:65,1
DA:68,9
DA:70,8
DA:71,8
DA:72,8
DA:73,8
DA:74,8
DA:76,0
DA:80,8
DA:82,4
DA:85,2
DA:87,4
DA:88,4
DA:89,4
DA:90,4
DA:93,4
DA:97,1
DA:98,1
DA:103,1
DA:104,1
DA:105,1
DA:106,1
DA:109,0
DA:110,0
DA:113,1
DA:116,1
LF:55
LH:52
BRDA:15,0,0,9
BRDA:15,0,1,1
BRDA:26,1,0,2
BRDA:26,1,1,6
BRDA:30,2,0,6
BRDA:30,2,1,3
BRDA:30,2,2,1
BRDA:31,3,0,1
BRDA:31,3,1,7
BRDA:34,4,0,3
BRDA:34,4,1,2
BRDA:34,4,2,2
BRDA:34,5,0,1
BRDA:34,5,1,1
BRDA:35,6,0,8
BRDA:35,6,1,2
BRDA:35,6,2,1
BRDA:36,7,0,8
BRDA:36,7,1,2
BRDA:43,8,0,10
BRDA:43,9,0,10
BRDA:43,10,0,10
BRDA:45,11,0,1
BRDA:45,11,1,9
BRDA:47,12,0,2
BRDA:47,12,1,3
BRDA:47,13,0,5
BRDA:47,13,1,4
BRDA:47,13,2,3
BRDA:52,14,0,2
BRDA:52,14,1,8
BRDA:54,15,0,3
BRDA:54,15,1,7
BRDA:54,16,0,10
BRDA:54,16,1,8
BRDA:59,17,0,2
BRDA:59,17,1,8
BRDA:63,18,0,1
BRDA:63,18,1,9
BRDA:63,19,0,10
BRDA:63,19,1,2
BRDA:63,19,2,1
BRDA:65,20,0,1
BRDA:65,20,1,0
BRDA:68,21,0,1
BRDA:68,21,1,8
BRDA:72,22,0,8
BRDA:72,22,1,0
BRDA:80,23,0,4
BRDA:80,23,1,4
BRDA:82,24,0,2
BRDA:82,24,1,2
BRDA:82,25,0,4
BRDA:82,25,1,3
BRDA:84,26,0,1
BRDA:84,26,1,1
BRDA:97,27,0,1
BRDA:97,27,1,0
BRDA:103,28,0,0
BRDA:103,28,1,1
BRF:60
BRH:56
end_of_record
TN:
SF:src\lib\i18n\index.js
FNF:0
FNH:0
LF:0
LH:0
BRF:0
BRH:0
end_of_record
TN:
SF:src\lib\i18n\ru\labels.js
FN:200,ruLevel
FN:353,label
FN:359,(anonymous_2)
FN:362,fieldLabel
FN:367,(anonymous_4)
FNF:5
FNH:5
FNDA:5,ruLevel
FNDA:8,label
FNDA:3,(anonymous_2)
FNDA:3,fieldLabel
FNDA:2,(anonymous_4)
DA:1,1
DA:10,1
DA:19,1
DA:32,1
DA:43,1
DA:50,1
DA:64,1
DA:72,1
DA:90,1
DA:100,1
DA:109,1
DA:114,1
DA:130,1
DA:136,1
DA:141,1
DA:159,1
DA:169,1
DA:176,1
DA:186,1
DA:201,5
DA:202,2
DA:205,1
DA:210,1
DA:231,1
DA:246,1
DA:328,1
DA:354,8
DA:355,5
DA:356,2
DA:359,3
DA:363,3
DA:364,1
DA:367,2
LF:33
LH:33
BRDA:201,0,0,3
BRDA:201,0,1,2
BRDA:201,1,0,5
BRDA:201,1,1,3
BRDA:354,2,0,3
BRDA:354,2,1,5
BRDA:354,3,0,8
BRDA:354,3,1,7
BRDA:354,3,2,6
BRDA:355,4,0,3
BRDA:355,4,1,2
BRDA:363,5,0,2
BRDA:363,5,1,1
BRF:13
BRH:13
end_of_record
TN:
SF:src\lib\utils\ability.js
FN:14,(anonymous_0)
FN:15,(anonymous_1)
FN:17,(anonymous_2)
FN:26,(anonymous_3)
FN:28,(anonymous_4)
FN:30,(anonymous_5)
FN:31,(anonymous_6)
FN:32,(anonymous_7)
FN:33,(anonymous_8)
FN:36,(anonymous_9)
FN:37,(anonymous_10)
FN:38,(anonymous_11)
FN:41,(anonymous_12)
FN:49,(anonymous_13)
FN:57,(anonymous_14)
FN:57,(anonymous_15)
FN:59,(anonymous_16)
FNF:17
FNH:17
FNDA:30,(anonymous_0)
FNDA:30,(anonymous_1)
FNDA:286,(anonymous_2)
FNDA:8,(anonymous_3)
FNDA:610,(anonymous_4)
FNDA:63,(anonymous_5)
FNDA:252,(anonymous_6)
FNDA:312,(anonymous_7)
FNDA:189,(anonymous_8)
FNDA:102,(anonymous_9)
FNDA:306,(anonymous_10)
FNDA:306,(anonymous_11)
FNDA:20,(anonymous_12)
FNDA:3,(anonymous_13)
FNDA:49,(anonymous_14)
FNDA:294,(anonymous_15)
FNDA:146,(anonymous_16)
DA:1,5
DA:3,5
DA:5,5
DA:14,30
DA:15,30
DA:17,286
DA:19,5
DA:21,5
DA:22,5
DA:23,5
DA:24,5
DA:26,8
DA:28,610
DA:30,5
DA:31,252
DA:32,312
DA:33,189
DA:36,5
DA:37,306
DA:38,306
DA:41,5
DA:42,20
DA:43,20
DA:44,15
DA:46,20
DA:49,5
DA:50,3
DA:51,3
DA:52,18
DA:54,3
DA:57,294
DA:59,146
LF:32
LH:32
BRDA:26,0,0,8
BRDA:26,0,1,4
BRDA:41,1,0,20
BRDA:44,2,0,15
BRDA:44,2,1,14
BRDA:44,3,0,15
BRDA:44,3,1,1
BRDA:44,3,2,0
BRDA:49,4,0,3
BRDA:49,5,0,3
BRDA:52,6,0,18
BRDA:52,6,1,16
BRDA:52,7,0,18
BRDA:52,7,1,17
BRDA:59,8,0,146
BRDA:59,8,1,1
BRF:16
BRH:15
end_of_record
TN:
SF:src\lib\utils\characterCreate.js
FN:12,(anonymous_0)
FNF:1
FNH:0
FNDA:0,(anonymous_0)
DA:3,0
DA:12,0
DA:21,0
LF:3
LH:0
BRDA:13,0,0,0
BRDA:13,0,1,0
BRDA:14,1,0,0
BRDA:14,1,1,0
BRDA:15,2,0,0
BRDA:15,2,1,0
BRDA:16,3,0,0
BRDA:16,3,1,0
BRDA:17,4,0,0
BRDA:17,4,1,0
BRDA:18,5,0,0
BRDA:18,5,1,0
BRF:12
BRH:0
end_of_record
TN:
SF:src\lib\utils\expertise.js
FN:21,expertiseGrantFromFeature
FN:35,expertiseBudget
FN:37,(anonymous_2)
FN:38,(anonymous_3)
FNF:4
FNH:4
FNDA:26,expertiseGrantFromFeature
FNDA:8,expertiseBudget
FNDA:14,(anonymous_2)
FNDA:10,(anonymous_3)
DA:1,1
DA:22,26
DA:23,26
DA:25,19
DA:26,19
DA:28,14
DA:29,137
DA:32,4
DA:36,8
DA:37,14
DA:38,10
LF:11
LH:11
BRDA:22,0,0,26
BRDA:22,0,1,12
BRDA:22,1,0,26
BRDA:22,1,1,5
BRDA:23,2,0,7
BRDA:23,2,1,19
BRDA:26,3,0,5
BRDA:26,3,1,14
BRDA:29,4,0,10
BRDA:29,4,1,127
BRDA:35,5,0,8
BRDA:37,6,0,14
BRDA:37,6,1,12
BRF:13
BRH:13
end_of_record
TN:
SF:src\lib\utils\sheet.js
FN:1,(anonymous_0)
FNF:1
FNH:1
FNDA:7,(anonymous_0)
DA:1,1
DA:2,7
DA:3,7
LF:3
LH:3
BRDA:2,0,0,7
BRDA:2,0,1,1
BRDA:3,1,0,4
BRDA:3,1,1,3
BRF:4
BRH:4
end_of_record
